____ _    ____ _  _ ___  ___  ____ _  _ _  _
|    |    |  | |  | |  \ |__] |__| |\ | |_/
|___ |___ |__| |__| |__/ |__] |  | | \| | \_

____ _   _ _  _ ___ _  _ ____ ___ _ ____ ____
[__   \_/  |\ |  |  |__| |___  |  | |    [__
___]   |   | \|  |  |  | |___  |  | |___ ___]

> Routine maintenance check initiated.
>
> Daily synthetic production summary:
> Standard Synths produced: 13098 units
> Defective units: 144
> Production efficiency: 98.9%
> No significant issues reported.
>
> Environmental controls check complete.
> Temperature: 22°C
> Humidity: 45%
> Air quality: Good
> No deviations from set parameters.
>
> Summary
> All synthetic production lines operating within normal parameters.
> Lubrication levels: Optimal.
> Temperature control: Stable.
> No anomalies detected.
> Next scheduled check: 2143.09.23
