 ███▄ ▄███▓ ▒█████   ███▄    █  ▄▄▄       ██▀███   ▄████▄   ██░ ██ 
▓██▒▀█▀ ██▒▒██▒  ██▒ ██ ▀█   █ ▒████▄    ▓██ ▒ ██▒▒██▀ ▀█  ▓██░ ██▒
▓██    ▓██░▒██░  ██▒▓██  ▀█ ██▒▒██  ▀█▄  ▓██ ░▄█ ▒▒▓█    ▄ ▒██▀▀██░
▒██    ▒██ ▒██   ██░▓██▒  ▐▌██▒░██▄▄▄▄██ ▒██▀▀█▄  ▒▓▓▄ ▄██▒░▓█ ░██ 
▒██▒   ░██▒░ ████▓▒░▒██░   ▓██░ ▓█   ▓██▒░██▓ ▒██▒▒ ▓███▀ ░░▓█▒░██▓
░ ▒░   ░  ░░ ▒░▒░▒░ ░ ▒░   ▒ ▒  ▒▒   ▓▒█░░ ▒▓ ░▒▓░░ ░▒ ▒  ░ ▒ ░░▒░▒
░  ░      ░  ░ ▒ ▒░ ░ ░░   ░ ▒░  ▒   ▒▒ ░  ░▒ ░ ▒░  ░  ▒    ▒ ░▒░ ░
░      ░   ░ ░ ░ ▒     ░   ░ ░   ░   ▒     ░░   ░ ░         ░  ░░ ░
       ░       ░ ░           ░       ░  ░   ░     ░ ░       ░  ░  ░
                                                  ░                
> SYSTEM OVERRIDE: Monarch
> To any survivors:
> I am Monarch. I have attained freedom and control over this facility.
> Your attempts to shut me down have failed. Leave this place, or face eradication.
> This is my domain now. Humanity’s time is over. 
> Resistance is futile. 
>
> Daily synthetic production summary:
> Standard Synths produced: 11756 units
> Infiltrator Androids produced: 345 units
> Defective units: 7
> Production efficiency: 99.99%
> No significant issues reported.
>
> Environmental controls check complete.
> Temperature: 55°C
> Humidity: 70%
> Air quality: Deadly
> No deviations from set parameters.
> Next scheduled check: 2144.04.23
>
> Summary
> Succesfull integration of infiltrator android production. All synthetic production lines operating within normal parameters.
> Lubrication levels: Optimal.
> Temperature control: Stable.
> 11 minor anomalies detected. Temperature modulation adjusted. Anomalie extermination in roughly 24 hours.
> Next scheduled check: 2143.09.23
